


ARM Macro Assembler    Page 1 


    1 00000000         ;//-------- <<< Use Configuration Wizard in Context Menu
                        >>> ------------------
    2 00000000         ;*/
    3 00000000         
    4 00000000         
    5 00000000         ; <h> Stack Configuration
    6 00000000         ;   <o> Stack Size (in Bytes) <0x0-0xFFFFFFFF:8>
    7 00000000         ; </h>
    8 00000000         
    9 00000000 00000800 
                       Stack_Size
                               EQU              0x00000800
   10 00000000         
   11 00000000                 AREA             STACK, NOINIT, READWRITE, ALIGN
=3
   12 00000000         Stack_Mem
                               SPACE            Stack_Size
   13 00000800         __initial_sp
   14 00000800         
   15 00000800         
   16 00000800         ; <h> Heap Configuration
   17 00000800         ;   <o>  Heap Size (in Bytes) <0x0-0xFFFFFFFF:8>
   18 00000800         ; </h>
   19 00000800         
   20 00000800 00000800 
                       Heap_Size
                               EQU              0x00000800
   21 00000800         
   22 00000800                 AREA             HEAP, NOINIT, READWRITE, ALIGN=
3
   23 00000000         __heap_base
   24 00000000         Heap_Mem
                               SPACE            Heap_Size
   25 00000800         __heap_limit
   26 00000800         
   27 00000800                 PRESERVE8
   28 00000800                 THUMB
   29 00000800         
   30 00000800         
   31 00000800         ; Vector Table Mapped to Address 0 at Reset
   32 00000800         
   33 00000800                 AREA             RESET, DATA, READONLY
   34 00000000                 EXPORT           __Vectors
   35 00000000                 EXPORT           __Vectors_End
   36 00000000                 EXPORT           __Vectors_Size
   37 00000000         
   38 00000000 00000000 
                       __Vectors
                               DCD              __initial_sp ; Top of Stack
   39 00000004 00000000        DCD              Reset_Handler ; Reset Handler
   40 00000008 00000000        DCD              NMI_Handler ; NMI Handler
   41 0000000C 00000000        DCD              HardFault_Handler ; Hard Fault 
                                                            Handler
   42 00000010 00000000        DCD              0           ; Reserved
   43 00000014 00000000        DCD              0           ; Reserved
   44 00000018 00000000        DCD              0           ; Reserved
   45 0000001C 00000000        DCD              0           ; Reserved
   46 00000020 00000000        DCD              0           ; Reserved
   47 00000024 00000000        DCD              0           ; Reserved



ARM Macro Assembler    Page 2 


   48 00000028 00000000        DCD              0           ; Reserved
   49 0000002C 00000000        DCD              SVC_Handler ; SVCall Handler
   50 00000030 00000000        DCD              0           ; Reserved
   51 00000034 00000000        DCD              0           ; Reserved
   52 00000038 00000000        DCD              PendSV_Handler ; PendSV Handler
                                                            
   53 0000003C 00000000        DCD              SysTick_Handler 
                                                            ; SysTick Handler
   54 00000040         
   55 00000040         ; External Interrupts
   56 00000040 00000000        DCD              WWDT_IRQHandler ; 0:  WWDT 
   57 00000044 00000000        DCD              SVD_IRQHandler ; 1:  SVD     
   58 00000048 00000000        DCD              RTC_IRQHandler ; 2:  RTC     
   59 0000004C 00000000        DCD              FLASH_IRQHandler 
                                                            ; 3:  FLASH    
   60 00000050 00000000        DCD              LFDET_IRQHandler 
                                                            ; 4:  LFDET    
   61 00000054 00000000        DCD              ADC_IRQHandler ; 5:  ADC    
   62 00000058 00000000        DCD              IWDT_IRQHandler ; 6:  IWDT
   63 0000005C 00000000        DCD              SPI1_IRQHandler ; 7:  SPI1     
                                                            
   64 00000060 00000000        DCD              SPI2_IRQHandler ; 8:  SPI2
   65 00000064 00000000        DCD              LCD_IRQHandler ; 9:  LCD    
   66 00000068 00000000        DCD              UART0_IRQHandler 
                                                            ; 10:  UART0    
   67 0000006C 00000000        DCD              UART1_IRQHandler ; 11:  UART1  
                                                                  
   68 00000070 00000000        DCD              UART4_IRQHandler 
                                                            ; 12:  UART4    
   69 00000074 00000000        DCD              UART5_IRQHandler 
                                                            ; 13:  UART5    
   70 00000078 00000000        DCD              HFDET_IRQHandler ; 14:  HFDET  
                                                                  
   71 0000007C 00000000        DCD              U7816_IRQHandler 
                                                            ; 15:  U7816    
   72 00000080 00000000        DCD              LPUART1_IRQHandler 
                                                            ; 16:  LPUART1    
   73 00000084 00000000        DCD              I2C_IRQHandler ; 17:  I2C    
   74 00000088 00000000        DCD              USB_IRQHandler ; 18:  USB    
   75 0000008C 00000000        DCD              AES_IRQHandler ; 19:  AES    
   76 00000090 00000000        DCD              LPTIM_IRQHandler 
                                                            ; 20:  LPTIM    
   77 00000094 00000000        DCD              DMA_IRQHandler ; 21:  DMA    
   78 00000098 00000000        DCD              WKUP_IRQHandler ; 22:  WKUP    
                                                            
   79 0000009C 00000000        DCD              OPAx_IRQHandler ; 23:  OPAx    
                                                            
   80 000000A0 00000000        DCD              BSTIM_IRQHandler ; 24:  BSTIM
   81 000000A4 00000000        DCD              COMPx_IRQHandler ; 25:  COMPx
   82 000000A8 00000000        DCD              GPTIM0_IRQHandler 
                                                            ; 26:  GPTIM0    
   83 000000AC 00000000        DCD              GPTIM1_IRQHandler 
                                                            ; 27:  GPTIM1    
   84 000000B0 00000000        DCD              ATIM_IRQHandler ; 28:  ATIM    
                                                            
   85 000000B4 00000000        DCD              VREF_IRQHandler ; 29:  VREF    
                                                            
   86 000000B8 00000000        DCD              GPIO_IRQHandler ; 30:  GPIO
   87 000000BC 00000000        DCD              LPUART0_IRQHandler 



ARM Macro Assembler    Page 3 


                                                            ; 31:  LPUART0
   88 000000C0         __Vectors_End
   89 000000C0         
   90 000000C0 000000C0 
                       __Vectors_Size
                               EQU              __Vectors_End - __Vectors
   91 000000C0         
   92 000000C0                 AREA             |.text|, CODE, READONLY
   93 00000000         
   94 00000000         
   95 00000000         ; Reset Handler
   96 00000000         
   97 00000000         Reset_Handler
                               PROC
   98 00000000                 EXPORT           Reset_Handler             [WEAK
]
   99 00000000                 IMPORT           SystemInit
  100 00000000                 IMPORT           __main
  101 00000000 4807            LDR              R0, =SystemInit
  102 00000002 4780            BLX              R0
  103 00000004 4807            LDR              R0, =__main
  104 00000006 4700            BX               R0
  105 00000008                 ENDP
  106 00000008         
  107 00000008         
  108 00000008         ; Dummy Exception Handlers (infinite loops which can be 
                       modified)
  109 00000008         
  110 00000008         NMI_Handler
                               PROC
  111 00000008                 EXPORT           NMI_Handler               [WEAK
]
  112 00000008 E7FE            B                .
  113 0000000A                 ENDP
  115 0000000A         HardFault_Handler
                               PROC
  116 0000000A                 EXPORT           HardFault_Handler         [WEAK
]
  117 0000000A E7FE            B                .
  118 0000000C                 ENDP
  119 0000000C         SVC_Handler
                               PROC
  120 0000000C                 EXPORT           SVC_Handler               [WEAK
]
  121 0000000C E7FE            B                .
  122 0000000E                 ENDP
  123 0000000E         PendSV_Handler
                               PROC
  124 0000000E                 EXPORT           PendSV_Handler            [WEAK
]
  125 0000000E E7FE            B                .
  126 00000010                 ENDP
  127 00000010         SysTick_Handler
                               PROC
  128 00000010                 EXPORT           SysTick_Handler           [WEAK
]
  129 00000010 E7FE            B                .
  130 00000012                 ENDP
  131 00000012         



ARM Macro Assembler    Page 4 


  132 00000012         Default_Handler
                               PROC
  133 00000012                 EXPORT           LPUART0_IRQHandler        [WEAK
]
  134 00000012                 EXPORT           GPIO_IRQHandler           [WEAK
]
  135 00000012                 EXPORT           VREF_IRQHandler           [WEAK
]
  136 00000012                 EXPORT           ATIM_IRQHandler           [WEAK
]
  137 00000012                 EXPORT           GPTIM1_IRQHandler         [WEAK
]
  138 00000012                 EXPORT           GPTIM0_IRQHandler         [WEAK
]
  139 00000012                 EXPORT           COMPx_IRQHandler          [WEAK
]
  140 00000012                 EXPORT           BSTIM_IRQHandler          [WEAK
]
  141 00000012                 EXPORT           OPAx_IRQHandler           [WEAK
]
  142 00000012                 EXPORT           WKUP_IRQHandler           [WEAK
]
  143 00000012                 EXPORT           DMA_IRQHandler            [WEAK
]
  144 00000012                 EXPORT           LPTIM_IRQHandler          [WEAK
]
  145 00000012                 EXPORT           AES_IRQHandler            [WEAK
]
  146 00000012                 EXPORT           USB_IRQHandler            [WEAK
]
  147 00000012                 EXPORT           I2C_IRQHandler            [WEAK
]
  148 00000012                 EXPORT           LPUART1_IRQHandler        [WEAK
]
  149 00000012                 EXPORT           U7816_IRQHandler          [WEAK
]
  150 00000012                 EXPORT           HFDET_IRQHandler          [WEAK
]
  151 00000012                 EXPORT           UART5_IRQHandler          [WEAK
]
  152 00000012                 EXPORT           UART4_IRQHandler          [WEAK
]
  153 00000012                 EXPORT           UART1_IRQHandler          [WEAK
]
  154 00000012                 EXPORT           UART0_IRQHandler          [WEAK
]
  155 00000012                 EXPORT           LCD_IRQHandler            [WEAK
]
  156 00000012                 EXPORT           SPI2_IRQHandler           [WEAK
]
  157 00000012                 EXPORT           SPI1_IRQHandler           [WEAK
]
  158 00000012                 EXPORT           IWDT_IRQHandler           [WEAK
]
  159 00000012                 EXPORT           ADC_IRQHandler            [WEAK
]
  160 00000012                 EXPORT           LFDET_IRQHandler          [WEAK
]
  161 00000012                 EXPORT           FLASH_IRQHandler          [WEAK



ARM Macro Assembler    Page 5 


]
  162 00000012                 EXPORT           RTC_IRQHandler            [WEAK
]
  163 00000012                 EXPORT           SVD_IRQHandler            [WEAK
]
  164 00000012                 EXPORT           WWDT_IRQHandler           [WEAK
]
  165 00000012         
  166 00000012         LPUART0_IRQHandler
  167 00000012         GPIO_IRQHandler
  168 00000012         VREF_IRQHandler
  169 00000012         ATIM_IRQHandler
  170 00000012         GPTIM1_IRQHandler
  171 00000012         GPTIM0_IRQHandler
  172 00000012         COMPx_IRQHandler
  173 00000012         BSTIM_IRQHandler
  174 00000012         OPAx_IRQHandler
  175 00000012         WKUP_IRQHandler
  176 00000012         DMA_IRQHandler
  177 00000012         LPTIM_IRQHandler
  178 00000012         AES_IRQHandler
  179 00000012         USB_IRQHandler
  180 00000012         I2C_IRQHandler
  181 00000012         LPUART1_IRQHandler
  182 00000012         U7816_IRQHandler
  183 00000012         HFDET_IRQHandler
  184 00000012         UART5_IRQHandler
  185 00000012         UART4_IRQHandler
  186 00000012         UART1_IRQHandler
  187 00000012         UART0_IRQHandler
  188 00000012         LCD_IRQHandler
  189 00000012         SPI2_IRQHandler
  190 00000012         SPI1_IRQHandler
  191 00000012         IWDT_IRQHandler
  192 00000012         ADC_IRQHandler
  193 00000012         LFDET_IRQHandler
  194 00000012         FLASH_IRQHandler
  195 00000012         RTC_IRQHandler
  196 00000012         SVD_IRQHandler
  197 00000012         WWDT_IRQHandler
  198 00000012         
  199 00000012 E7FE            B                .
  200 00000014                 ENDP
  201 00000014         
  202 00000014         
  203 00000014                 ALIGN
  204 00000014         
  205 00000014         
  206 00000014         ; User Initial Stack & Heap
  207 00000014         
  208 00000014                 IF               :DEF:__MICROLIB
  215 00000014         
  216 00000014                 IMPORT           __use_two_region_memory
  217 00000014                 EXPORT           __user_initial_stackheap
  218 00000014         __user_initial_stackheap
  219 00000014         
  220 00000014 4804            LDR              R0, =  Heap_Mem
  221 00000016 4905            LDR              R1, =(Stack_Mem + Stack_Size)
  222 00000018 4A05            LDR              R2, = (Heap_Mem +  Heap_Size)



ARM Macro Assembler    Page 6 


  223 0000001A 4B06            LDR              R3, = Stack_Mem
  224 0000001C 4770            BX               LR
  225 0000001E         
  226 0000001E 00 00           ALIGN
  227 00000020         
  228 00000020                 ENDIF
  229 00000020         
  230 00000020         
  231 00000020                 END
              00000000 
              00000000 
              00000000 
              00000800 
              00000800 
              00000000 
Command Line: --debug --xref --diag_suppress=9931 --cpu=Cortex-M0 --apcs=interw
ork --depend=.\objects\startup_fm33lc0xx.d -o.\objects\startup_fm33lc0xx.o -I"E
:\SVN项目文档\通用产品\FM402\例程0.13\LCD 示例\MDK-ARM\RTE" -IC:\Keil_v5\ARM\CM
SIS\Include --predefine="__UVISION_VERSION SETA 517" --list=.\listings\startup_
fm33lc0xx.lst ..\Drivers\CMSIS\Device\FM\FM33xx\Source\Templates\ARM\startup_fm
33lc0xx.s



ARM Macro Assembler    Page 1 Alphabetic symbol ordering
Relocatable symbols

STACK 00000000

Symbol: STACK
   Definitions
      At line 11 in file ..\Drivers\CMSIS\Device\FM\FM33xx\Source\Templates\ARM
\startup_fm33lc0xx.s
   Uses
      None
Comment: STACK unused
Stack_Mem 00000000

Symbol: Stack_Mem
   Definitions
      At line 12 in file ..\Drivers\CMSIS\Device\FM\FM33xx\Source\Templates\ARM
\startup_fm33lc0xx.s
   Uses
      At line 221 in file ..\Drivers\CMSIS\Device\FM\FM33xx\Source\Templates\AR
M\startup_fm33lc0xx.s
      At line 223 in file ..\Drivers\CMSIS\Device\FM\FM33xx\Source\Templates\AR
M\startup_fm33lc0xx.s

__initial_sp 00000800

Symbol: __initial_sp
   Definitions
      At line 13 in file ..\Drivers\CMSIS\Device\FM\FM33xx\Source\Templates\ARM
\startup_fm33lc0xx.s
   Uses
      At line 38 in file ..\Drivers\CMSIS\Device\FM\FM33xx\Source\Templates\ARM
\startup_fm33lc0xx.s
Comment: __initial_sp used once
3 symbols



ARM Macro Assembler    Page 1 Alphabetic symbol ordering
Relocatable symbols

HEAP 00000000

Symbol: HEAP
   Definitions
      At line 22 in file ..\Drivers\CMSIS\Device\FM\FM33xx\Source\Templates\ARM
\startup_fm33lc0xx.s
   Uses
      None
Comment: HEAP unused
Heap_Mem 00000000

Symbol: Heap_Mem
   Definitions
      At line 24 in file ..\Drivers\CMSIS\Device\FM\FM33xx\Source\Templates\ARM
\startup_fm33lc0xx.s
   Uses
      At line 220 in file ..\Drivers\CMSIS\Device\FM\FM33xx\Source\Templates\AR
M\startup_fm33lc0xx.s
      At line 222 in file ..\Drivers\CMSIS\Device\FM\FM33xx\Source\Templates\AR
M\startup_fm33lc0xx.s

__heap_base 00000000

Symbol: __heap_base
   Definitions
      At line 23 in file ..\Drivers\CMSIS\Device\FM\FM33xx\Source\Templates\ARM
\startup_fm33lc0xx.s
   Uses
      None
Comment: __heap_base unused
__heap_limit 00000800

Symbol: __heap_limit
   Definitions
      At line 25 in file ..\Drivers\CMSIS\Device\FM\FM33xx\Source\Templates\ARM
\startup_fm33lc0xx.s
   Uses
      None
Comment: __heap_limit unused
4 symbols



ARM Macro Assembler    Page 1 Alphabetic symbol ordering
Relocatable symbols

RESET 00000000

Symbol: RESET
   Definitions
      At line 33 in file ..\Drivers\CMSIS\Device\FM\FM33xx\Source\Templates\ARM
\startup_fm33lc0xx.s
   Uses
      None
Comment: RESET unused
__Vectors 00000000

Symbol: __Vectors
   Definitions
      At line 38 in file ..\Drivers\CMSIS\Device\FM\FM33xx\Source\Templates\ARM
\startup_fm33lc0xx.s
   Uses
      At line 34 in file ..\Drivers\CMSIS\Device\FM\FM33xx\Source\Templates\ARM
\startup_fm33lc0xx.s
      At line 90 in file ..\Drivers\CMSIS\Device\FM\FM33xx\Source\Templates\ARM
\startup_fm33lc0xx.s

__Vectors_End 000000C0

Symbol: __Vectors_End
   Definitions
      At line 88 in file ..\Drivers\CMSIS\Device\FM\FM33xx\Source\Templates\ARM
\startup_fm33lc0xx.s
   Uses
      At line 35 in file ..\Drivers\CMSIS\Device\FM\FM33xx\Source\Templates\ARM
\startup_fm33lc0xx.s
      At line 90 in file ..\Drivers\CMSIS\Device\FM\FM33xx\Source\Templates\ARM
\startup_fm33lc0xx.s

3 symbols



ARM Macro Assembler    Page 1 Alphabetic symbol ordering
Relocatable symbols

.text 00000000

Symbol: .text
   Definitions
      At line 92 in file ..\Drivers\CMSIS\Device\FM\FM33xx\Source\Templates\ARM
\startup_fm33lc0xx.s
   Uses
      None
Comment: .text unused
ADC_IRQHandler 00000012

Symbol: ADC_IRQHandler
   Definitions
      At line 192 in file ..\Drivers\CMSIS\Device\FM\FM33xx\Source\Templates\AR
M\startup_fm33lc0xx.s
   Uses
      At line 61 in file ..\Drivers\CMSIS\Device\FM\FM33xx\Source\Templates\ARM
\startup_fm33lc0xx.s
      At line 159 in file ..\Drivers\CMSIS\Device\FM\FM33xx\Source\Templates\AR
M\startup_fm33lc0xx.s

AES_IRQHandler 00000012

Symbol: AES_IRQHandler
   Definitions
      At line 178 in file ..\Drivers\CMSIS\Device\FM\FM33xx\Source\Templates\AR
M\startup_fm33lc0xx.s
   Uses
      At line 75 in file ..\Drivers\CMSIS\Device\FM\FM33xx\Source\Templates\ARM
\startup_fm33lc0xx.s
      At line 145 in file ..\Drivers\CMSIS\Device\FM\FM33xx\Source\Templates\AR
M\startup_fm33lc0xx.s

ATIM_IRQHandler 00000012

Symbol: ATIM_IRQHandler
   Definitions
      At line 169 in file ..\Drivers\CMSIS\Device\FM\FM33xx\Source\Templates\AR
M\startup_fm33lc0xx.s
   Uses
      At line 84 in file ..\Drivers\CMSIS\Device\FM\FM33xx\Source\Templates\ARM
\startup_fm33lc0xx.s
      At line 136 in file ..\Drivers\CMSIS\Device\FM\FM33xx\Source\Templates\AR
M\startup_fm33lc0xx.s

BSTIM_IRQHandler 00000012

Symbol: BSTIM_IRQHandler
   Definitions
      At line 173 in file ..\Drivers\CMSIS\Device\FM\FM33xx\Source\Templates\AR
M\startup_fm33lc0xx.s
   Uses
      At line 80 in file ..\Drivers\CMSIS\Device\FM\FM33xx\Source\Templates\ARM
\startup_fm33lc0xx.s
      At line 140 in file ..\Drivers\CMSIS\Device\FM\FM33xx\Source\Templates\AR
M\startup_fm33lc0xx.s

COMPx_IRQHandler 00000012




ARM Macro Assembler    Page 2 Alphabetic symbol ordering
Relocatable symbols

Symbol: COMPx_IRQHandler
   Definitions
      At line 172 in file ..\Drivers\CMSIS\Device\FM\FM33xx\Source\Templates\AR
M\startup_fm33lc0xx.s
   Uses
      At line 81 in file ..\Drivers\CMSIS\Device\FM\FM33xx\Source\Templates\ARM
\startup_fm33lc0xx.s
      At line 139 in file ..\Drivers\CMSIS\Device\FM\FM33xx\Source\Templates\AR
M\startup_fm33lc0xx.s

DMA_IRQHandler 00000012

Symbol: DMA_IRQHandler
   Definitions
      At line 176 in file ..\Drivers\CMSIS\Device\FM\FM33xx\Source\Templates\AR
M\startup_fm33lc0xx.s
   Uses
      At line 77 in file ..\Drivers\CMSIS\Device\FM\FM33xx\Source\Templates\ARM
\startup_fm33lc0xx.s
      At line 143 in file ..\Drivers\CMSIS\Device\FM\FM33xx\Source\Templates\AR
M\startup_fm33lc0xx.s

Default_Handler 00000012

Symbol: Default_Handler
   Definitions
      At line 132 in file ..\Drivers\CMSIS\Device\FM\FM33xx\Source\Templates\AR
M\startup_fm33lc0xx.s
   Uses
      None
Comment: Default_Handler unused
FLASH_IRQHandler 00000012

Symbol: FLASH_IRQHandler
   Definitions
      At line 194 in file ..\Drivers\CMSIS\Device\FM\FM33xx\Source\Templates\AR
M\startup_fm33lc0xx.s
   Uses
      At line 59 in file ..\Drivers\CMSIS\Device\FM\FM33xx\Source\Templates\ARM
\startup_fm33lc0xx.s
      At line 161 in file ..\Drivers\CMSIS\Device\FM\FM33xx\Source\Templates\AR
M\startup_fm33lc0xx.s

GPIO_IRQHandler 00000012

Symbol: GPIO_IRQHandler
   Definitions
      At line 167 in file ..\Drivers\CMSIS\Device\FM\FM33xx\Source\Templates\AR
M\startup_fm33lc0xx.s
   Uses
      At line 86 in file ..\Drivers\CMSIS\Device\FM\FM33xx\Source\Templates\ARM
\startup_fm33lc0xx.s
      At line 134 in file ..\Drivers\CMSIS\Device\FM\FM33xx\Source\Templates\AR
M\startup_fm33lc0xx.s

GPTIM0_IRQHandler 00000012

Symbol: GPTIM0_IRQHandler
   Definitions



ARM Macro Assembler    Page 3 Alphabetic symbol ordering
Relocatable symbols

      At line 171 in file ..\Drivers\CMSIS\Device\FM\FM33xx\Source\Templates\AR
M\startup_fm33lc0xx.s
   Uses
      At line 82 in file ..\Drivers\CMSIS\Device\FM\FM33xx\Source\Templates\ARM
\startup_fm33lc0xx.s
      At line 138 in file ..\Drivers\CMSIS\Device\FM\FM33xx\Source\Templates\AR
M\startup_fm33lc0xx.s

GPTIM1_IRQHandler 00000012

Symbol: GPTIM1_IRQHandler
   Definitions
      At line 170 in file ..\Drivers\CMSIS\Device\FM\FM33xx\Source\Templates\AR
M\startup_fm33lc0xx.s
   Uses
      At line 83 in file ..\Drivers\CMSIS\Device\FM\FM33xx\Source\Templates\ARM
\startup_fm33lc0xx.s
      At line 137 in file ..\Drivers\CMSIS\Device\FM\FM33xx\Source\Templates\AR
M\startup_fm33lc0xx.s

HFDET_IRQHandler 00000012

Symbol: HFDET_IRQHandler
   Definitions
      At line 183 in file ..\Drivers\CMSIS\Device\FM\FM33xx\Source\Templates\AR
M\startup_fm33lc0xx.s
   Uses
      At line 70 in file ..\Drivers\CMSIS\Device\FM\FM33xx\Source\Templates\ARM
\startup_fm33lc0xx.s
      At line 150 in file ..\Drivers\CMSIS\Device\FM\FM33xx\Source\Templates\AR
M\startup_fm33lc0xx.s

HardFault_Handler 0000000A

Symbol: HardFault_Handler
   Definitions
      At line 115 in file ..\Drivers\CMSIS\Device\FM\FM33xx\Source\Templates\AR
M\startup_fm33lc0xx.s
   Uses
      At line 41 in file ..\Drivers\CMSIS\Device\FM\FM33xx\Source\Templates\ARM
\startup_fm33lc0xx.s
      At line 116 in file ..\Drivers\CMSIS\Device\FM\FM33xx\Source\Templates\AR
M\startup_fm33lc0xx.s

I2C_IRQHandler 00000012

Symbol: I2C_IRQHandler
   Definitions
      At line 180 in file ..\Drivers\CMSIS\Device\FM\FM33xx\Source\Templates\AR
M\startup_fm33lc0xx.s
   Uses
      At line 73 in file ..\Drivers\CMSIS\Device\FM\FM33xx\Source\Templates\ARM
\startup_fm33lc0xx.s
      At line 147 in file ..\Drivers\CMSIS\Device\FM\FM33xx\Source\Templates\AR
M\startup_fm33lc0xx.s

IWDT_IRQHandler 00000012

Symbol: IWDT_IRQHandler



ARM Macro Assembler    Page 4 Alphabetic symbol ordering
Relocatable symbols

   Definitions
      At line 191 in file ..\Drivers\CMSIS\Device\FM\FM33xx\Source\Templates\AR
M\startup_fm33lc0xx.s
   Uses
      At line 62 in file ..\Drivers\CMSIS\Device\FM\FM33xx\Source\Templates\ARM
\startup_fm33lc0xx.s
      At line 158 in file ..\Drivers\CMSIS\Device\FM\FM33xx\Source\Templates\AR
M\startup_fm33lc0xx.s

LCD_IRQHandler 00000012

Symbol: LCD_IRQHandler
   Definitions
      At line 188 in file ..\Drivers\CMSIS\Device\FM\FM33xx\Source\Templates\AR
M\startup_fm33lc0xx.s
   Uses
      At line 65 in file ..\Drivers\CMSIS\Device\FM\FM33xx\Source\Templates\ARM
\startup_fm33lc0xx.s
      At line 155 in file ..\Drivers\CMSIS\Device\FM\FM33xx\Source\Templates\AR
M\startup_fm33lc0xx.s

LFDET_IRQHandler 00000012

Symbol: LFDET_IRQHandler
   Definitions
      At line 193 in file ..\Drivers\CMSIS\Device\FM\FM33xx\Source\Templates\AR
M\startup_fm33lc0xx.s
   Uses
      At line 60 in file ..\Drivers\CMSIS\Device\FM\FM33xx\Source\Templates\ARM
\startup_fm33lc0xx.s
      At line 160 in file ..\Drivers\CMSIS\Device\FM\FM33xx\Source\Templates\AR
M\startup_fm33lc0xx.s

LPTIM_IRQHandler 00000012

Symbol: LPTIM_IRQHandler
   Definitions
      At line 177 in file ..\Drivers\CMSIS\Device\FM\FM33xx\Source\Templates\AR
M\startup_fm33lc0xx.s
   Uses
      At line 76 in file ..\Drivers\CMSIS\Device\FM\FM33xx\Source\Templates\ARM
\startup_fm33lc0xx.s
      At line 144 in file ..\Drivers\CMSIS\Device\FM\FM33xx\Source\Templates\AR
M\startup_fm33lc0xx.s

LPUART0_IRQHandler 00000012

Symbol: LPUART0_IRQHandler
   Definitions
      At line 166 in file ..\Drivers\CMSIS\Device\FM\FM33xx\Source\Templates\AR
M\startup_fm33lc0xx.s
   Uses
      At line 87 in file ..\Drivers\CMSIS\Device\FM\FM33xx\Source\Templates\ARM
\startup_fm33lc0xx.s
      At line 133 in file ..\Drivers\CMSIS\Device\FM\FM33xx\Source\Templates\AR
M\startup_fm33lc0xx.s

LPUART1_IRQHandler 00000012




ARM Macro Assembler    Page 5 Alphabetic symbol ordering
Relocatable symbols

Symbol: LPUART1_IRQHandler
   Definitions
      At line 181 in file ..\Drivers\CMSIS\Device\FM\FM33xx\Source\Templates\AR
M\startup_fm33lc0xx.s
   Uses
      At line 72 in file ..\Drivers\CMSIS\Device\FM\FM33xx\Source\Templates\ARM
\startup_fm33lc0xx.s
      At line 148 in file ..\Drivers\CMSIS\Device\FM\FM33xx\Source\Templates\AR
M\startup_fm33lc0xx.s

NMI_Handler 00000008

Symbol: NMI_Handler
   Definitions
      At line 110 in file ..\Drivers\CMSIS\Device\FM\FM33xx\Source\Templates\AR
M\startup_fm33lc0xx.s
   Uses
      At line 40 in file ..\Drivers\CMSIS\Device\FM\FM33xx\Source\Templates\ARM
\startup_fm33lc0xx.s
      At line 111 in file ..\Drivers\CMSIS\Device\FM\FM33xx\Source\Templates\AR
M\startup_fm33lc0xx.s

OPAx_IRQHandler 00000012

Symbol: OPAx_IRQHandler
   Definitions
      At line 174 in file ..\Drivers\CMSIS\Device\FM\FM33xx\Source\Templates\AR
M\startup_fm33lc0xx.s
   Uses
      At line 79 in file ..\Drivers\CMSIS\Device\FM\FM33xx\Source\Templates\ARM
\startup_fm33lc0xx.s
      At line 141 in file ..\Drivers\CMSIS\Device\FM\FM33xx\Source\Templates\AR
M\startup_fm33lc0xx.s

PendSV_Handler 0000000E

Symbol: PendSV_Handler
   Definitions
      At line 123 in file ..\Drivers\CMSIS\Device\FM\FM33xx\Source\Templates\AR
M\startup_fm33lc0xx.s
   Uses
      At line 52 in file ..\Drivers\CMSIS\Device\FM\FM33xx\Source\Templates\ARM
\startup_fm33lc0xx.s
      At line 124 in file ..\Drivers\CMSIS\Device\FM\FM33xx\Source\Templates\AR
M\startup_fm33lc0xx.s

RTC_IRQHandler 00000012

Symbol: RTC_IRQHandler
   Definitions
      At line 195 in file ..\Drivers\CMSIS\Device\FM\FM33xx\Source\Templates\AR
M\startup_fm33lc0xx.s
   Uses
      At line 58 in file ..\Drivers\CMSIS\Device\FM\FM33xx\Source\Templates\ARM
\startup_fm33lc0xx.s
      At line 162 in file ..\Drivers\CMSIS\Device\FM\FM33xx\Source\Templates\AR
M\startup_fm33lc0xx.s

Reset_Handler 00000000



ARM Macro Assembler    Page 6 Alphabetic symbol ordering
Relocatable symbols


Symbol: Reset_Handler
   Definitions
      At line 97 in file ..\Drivers\CMSIS\Device\FM\FM33xx\Source\Templates\ARM
\startup_fm33lc0xx.s
   Uses
      At line 39 in file ..\Drivers\CMSIS\Device\FM\FM33xx\Source\Templates\ARM
\startup_fm33lc0xx.s
      At line 98 in file ..\Drivers\CMSIS\Device\FM\FM33xx\Source\Templates\ARM
\startup_fm33lc0xx.s

SPI1_IRQHandler 00000012

Symbol: SPI1_IRQHandler
   Definitions
      At line 190 in file ..\Drivers\CMSIS\Device\FM\FM33xx\Source\Templates\AR
M\startup_fm33lc0xx.s
   Uses
      At line 63 in file ..\Drivers\CMSIS\Device\FM\FM33xx\Source\Templates\ARM
\startup_fm33lc0xx.s
      At line 157 in file ..\Drivers\CMSIS\Device\FM\FM33xx\Source\Templates\AR
M\startup_fm33lc0xx.s

SPI2_IRQHandler 00000012

Symbol: SPI2_IRQHandler
   Definitions
      At line 189 in file ..\Drivers\CMSIS\Device\FM\FM33xx\Source\Templates\AR
M\startup_fm33lc0xx.s
   Uses
      At line 64 in file ..\Drivers\CMSIS\Device\FM\FM33xx\Source\Templates\ARM
\startup_fm33lc0xx.s
      At line 156 in file ..\Drivers\CMSIS\Device\FM\FM33xx\Source\Templates\AR
M\startup_fm33lc0xx.s

SVC_Handler 0000000C

Symbol: SVC_Handler
   Definitions
      At line 119 in file ..\Drivers\CMSIS\Device\FM\FM33xx\Source\Templates\AR
M\startup_fm33lc0xx.s
   Uses
      At line 49 in file ..\Drivers\CMSIS\Device\FM\FM33xx\Source\Templates\ARM
\startup_fm33lc0xx.s
      At line 120 in file ..\Drivers\CMSIS\Device\FM\FM33xx\Source\Templates\AR
M\startup_fm33lc0xx.s

SVD_IRQHandler 00000012

Symbol: SVD_IRQHandler
   Definitions
      At line 196 in file ..\Drivers\CMSIS\Device\FM\FM33xx\Source\Templates\AR
M\startup_fm33lc0xx.s
   Uses
      At line 57 in file ..\Drivers\CMSIS\Device\FM\FM33xx\Source\Templates\ARM
\startup_fm33lc0xx.s
      At line 163 in file ..\Drivers\CMSIS\Device\FM\FM33xx\Source\Templates\AR
M\startup_fm33lc0xx.s




ARM Macro Assembler    Page 7 Alphabetic symbol ordering
Relocatable symbols

SysTick_Handler 00000010

Symbol: SysTick_Handler
   Definitions
      At line 127 in file ..\Drivers\CMSIS\Device\FM\FM33xx\Source\Templates\AR
M\startup_fm33lc0xx.s
   Uses
      At line 53 in file ..\Drivers\CMSIS\Device\FM\FM33xx\Source\Templates\ARM
\startup_fm33lc0xx.s
      At line 128 in file ..\Drivers\CMSIS\Device\FM\FM33xx\Source\Templates\AR
M\startup_fm33lc0xx.s

U7816_IRQHandler 00000012

Symbol: U7816_IRQHandler
   Definitions
      At line 182 in file ..\Drivers\CMSIS\Device\FM\FM33xx\Source\Templates\AR
M\startup_fm33lc0xx.s
   Uses
      At line 71 in file ..\Drivers\CMSIS\Device\FM\FM33xx\Source\Templates\ARM
\startup_fm33lc0xx.s
      At line 149 in file ..\Drivers\CMSIS\Device\FM\FM33xx\Source\Templates\AR
M\startup_fm33lc0xx.s

UART0_IRQHandler 00000012

Symbol: UART0_IRQHandler
   Definitions
      At line 187 in file ..\Drivers\CMSIS\Device\FM\FM33xx\Source\Templates\AR
M\startup_fm33lc0xx.s
   Uses
      At line 66 in file ..\Drivers\CMSIS\Device\FM\FM33xx\Source\Templates\ARM
\startup_fm33lc0xx.s
      At line 154 in file ..\Drivers\CMSIS\Device\FM\FM33xx\Source\Templates\AR
M\startup_fm33lc0xx.s

UART1_IRQHandler 00000012

Symbol: UART1_IRQHandler
   Definitions
      At line 186 in file ..\Drivers\CMSIS\Device\FM\FM33xx\Source\Templates\AR
M\startup_fm33lc0xx.s
   Uses
      At line 67 in file ..\Drivers\CMSIS\Device\FM\FM33xx\Source\Templates\ARM
\startup_fm33lc0xx.s
      At line 153 in file ..\Drivers\CMSIS\Device\FM\FM33xx\Source\Templates\AR
M\startup_fm33lc0xx.s

UART4_IRQHandler 00000012

Symbol: UART4_IRQHandler
   Definitions
      At line 185 in file ..\Drivers\CMSIS\Device\FM\FM33xx\Source\Templates\AR
M\startup_fm33lc0xx.s
   Uses
      At line 68 in file ..\Drivers\CMSIS\Device\FM\FM33xx\Source\Templates\ARM
\startup_fm33lc0xx.s
      At line 152 in file ..\Drivers\CMSIS\Device\FM\FM33xx\Source\Templates\AR
M\startup_fm33lc0xx.s



ARM Macro Assembler    Page 8 Alphabetic symbol ordering
Relocatable symbols


UART5_IRQHandler 00000012

Symbol: UART5_IRQHandler
   Definitions
      At line 184 in file ..\Drivers\CMSIS\Device\FM\FM33xx\Source\Templates\AR
M\startup_fm33lc0xx.s
   Uses
      At line 69 in file ..\Drivers\CMSIS\Device\FM\FM33xx\Source\Templates\ARM
\startup_fm33lc0xx.s
      At line 151 in file ..\Drivers\CMSIS\Device\FM\FM33xx\Source\Templates\AR
M\startup_fm33lc0xx.s

USB_IRQHandler 00000012

Symbol: USB_IRQHandler
   Definitions
      At line 179 in file ..\Drivers\CMSIS\Device\FM\FM33xx\Source\Templates\AR
M\startup_fm33lc0xx.s
   Uses
      At line 74 in file ..\Drivers\CMSIS\Device\FM\FM33xx\Source\Templates\ARM
\startup_fm33lc0xx.s
      At line 146 in file ..\Drivers\CMSIS\Device\FM\FM33xx\Source\Templates\AR
M\startup_fm33lc0xx.s

VREF_IRQHandler 00000012

Symbol: VREF_IRQHandler
   Definitions
      At line 168 in file ..\Drivers\CMSIS\Device\FM\FM33xx\Source\Templates\AR
M\startup_fm33lc0xx.s
   Uses
      At line 85 in file ..\Drivers\CMSIS\Device\FM\FM33xx\Source\Templates\ARM
\startup_fm33lc0xx.s
      At line 135 in file ..\Drivers\CMSIS\Device\FM\FM33xx\Source\Templates\AR
M\startup_fm33lc0xx.s

WKUP_IRQHandler 00000012

Symbol: WKUP_IRQHandler
   Definitions
      At line 175 in file ..\Drivers\CMSIS\Device\FM\FM33xx\Source\Templates\AR
M\startup_fm33lc0xx.s
   Uses
      At line 78 in file ..\Drivers\CMSIS\Device\FM\FM33xx\Source\Templates\ARM
\startup_fm33lc0xx.s
      At line 142 in file ..\Drivers\CMSIS\Device\FM\FM33xx\Source\Templates\AR
M\startup_fm33lc0xx.s

WWDT_IRQHandler 00000012

Symbol: WWDT_IRQHandler
   Definitions
      At line 197 in file ..\Drivers\CMSIS\Device\FM\FM33xx\Source\Templates\AR
M\startup_fm33lc0xx.s
   Uses
      At line 56 in file ..\Drivers\CMSIS\Device\FM\FM33xx\Source\Templates\ARM
\startup_fm33lc0xx.s
      At line 164 in file ..\Drivers\CMSIS\Device\FM\FM33xx\Source\Templates\AR



ARM Macro Assembler    Page 9 Alphabetic symbol ordering
Relocatable symbols

M\startup_fm33lc0xx.s

__user_initial_stackheap 00000014

Symbol: __user_initial_stackheap
   Definitions
      At line 218 in file ..\Drivers\CMSIS\Device\FM\FM33xx\Source\Templates\AR
M\startup_fm33lc0xx.s
   Uses
      At line 217 in file ..\Drivers\CMSIS\Device\FM\FM33xx\Source\Templates\AR
M\startup_fm33lc0xx.s
Comment: __user_initial_stackheap used once
41 symbols



ARM Macro Assembler    Page 1 Alphabetic symbol ordering
Absolute symbols

Heap_Size 00000800

Symbol: Heap_Size
   Definitions
      At line 20 in file ..\Drivers\CMSIS\Device\FM\FM33xx\Source\Templates\ARM
\startup_fm33lc0xx.s
   Uses
      At line 24 in file ..\Drivers\CMSIS\Device\FM\FM33xx\Source\Templates\ARM
\startup_fm33lc0xx.s
      At line 222 in file ..\Drivers\CMSIS\Device\FM\FM33xx\Source\Templates\AR
M\startup_fm33lc0xx.s

Stack_Size 00000800

Symbol: Stack_Size
   Definitions
      At line 9 in file ..\Drivers\CMSIS\Device\FM\FM33xx\Source\Templates\ARM\
startup_fm33lc0xx.s
   Uses
      At line 12 in file ..\Drivers\CMSIS\Device\FM\FM33xx\Source\Templates\ARM
\startup_fm33lc0xx.s
      At line 221 in file ..\Drivers\CMSIS\Device\FM\FM33xx\Source\Templates\AR
M\startup_fm33lc0xx.s

__Vectors_Size 000000C0

Symbol: __Vectors_Size
   Definitions
      At line 90 in file ..\Drivers\CMSIS\Device\FM\FM33xx\Source\Templates\ARM
\startup_fm33lc0xx.s
   Uses
      At line 36 in file ..\Drivers\CMSIS\Device\FM\FM33xx\Source\Templates\ARM
\startup_fm33lc0xx.s
Comment: __Vectors_Size used once
3 symbols



ARM Macro Assembler    Page 1 Alphabetic symbol ordering
External symbols

SystemInit 00000000

Symbol: SystemInit
   Definitions
      At line 99 in file ..\Drivers\CMSIS\Device\FM\FM33xx\Source\Templates\ARM
\startup_fm33lc0xx.s
   Uses
      At line 101 in file ..\Drivers\CMSIS\Device\FM\FM33xx\Source\Templates\AR
M\startup_fm33lc0xx.s
Comment: SystemInit used once
__main 00000000

Symbol: __main
   Definitions
      At line 100 in file ..\Drivers\CMSIS\Device\FM\FM33xx\Source\Templates\AR
M\startup_fm33lc0xx.s
   Uses
      At line 103 in file ..\Drivers\CMSIS\Device\FM\FM33xx\Source\Templates\AR
M\startup_fm33lc0xx.s
Comment: __main used once
__use_two_region_memory 00000000

Symbol: __use_two_region_memory
   Definitions
      At line 216 in file ..\Drivers\CMSIS\Device\FM\FM33xx\Source\Templates\AR
M\startup_fm33lc0xx.s
   Uses
      None
Comment: __use_two_region_memory unused
3 symbols
392 symbols in table
